The system is: Linux - 4.4.0-79-generic - x86_64
Compiling the C compiler identification source file "CMakeCCompilerId.c" succeeded.
Compiler: /home/jason/anaconda2/bin/cc 
Build flags: 
Id flags: 

The output was:
0


Compilation of the C compiler identification source "CMakeCCompilerId.c" produced "a.out"

The C compiler identification is GNU, found in "/home/jason/lscPythoncode/pre-get_training_data/build/CMakeFiles/3.5.1/CompilerIdC/a.out"

Compiling the CXX compiler identification source file "CMakeCXXCompilerId.cpp" succeeded.
Compiler: /home/jason/anaconda2/bin/c++ 
Build flags: 
Id flags: 

The output was:
0


Compilation of the CXX compiler identification source "CMakeCXXCompilerId.cpp" produced "a.out"

The CXX compiler identification is GNU, found in "/home/jason/lscPythoncode/pre-get_training_data/build/CMakeFiles/3.5.1/CompilerIdCXX/a.out"

Determining if the C compiler works passed with the following output:
Change Dir: /home/jason/lscPythoncode/pre-get_training_data/build/CMakeFiles/CMakeTmp

Run Build Command:"/usr/bin/make" "cmTC_d11cd/fast"
/usr/bin/make -f CMakeFiles/cmTC_d11cd.dir/build.make CMakeFiles/cmTC_d11cd.dir/build
make[1]: 正在进入目录 `/home/jason/lscPythoncode/pre-get_training_data/build/CMakeFiles/CMakeTmp'
Building C object CMakeFiles/cmTC_d11cd.dir/testCCompiler.c.o
/home/jason/anaconda2/bin/cc     -o CMakeFiles/cmTC_d11cd.dir/testCCompiler.c.o   -c /home/jason/lscPythoncode/pre-get_training_data/build/CMakeFiles/CMakeTmp/testCCompiler.c
Linking C executable cmTC_d11cd
/usr/bin/cmake -E cmake_link_script CMakeFiles/cmTC_d11cd.dir/link.txt --verbose=1
/home/jason/anaconda2/bin/cc       CMakeFiles/cmTC_d11cd.dir/testCCompiler.c.o  -o cmTC_d11cd -rdynamic 
make[1]:正在离开目录 `/home/jason/lscPythoncode/pre-get_training_data/build/CMakeFiles/CMakeTmp'


Detecting C compiler ABI info compiled with the following output:
Change Dir: /home/jason/lscPythoncode/pre-get_training_data/build/CMakeFiles/CMakeTmp

Run Build Command:"/usr/bin/make" "cmTC_19ac8/fast"
/usr/bin/make -f CMakeFiles/cmTC_19ac8.dir/build.make CMakeFiles/cmTC_19ac8.dir/build
make[1]: 正在进入目录 `/home/jason/lscPythoncode/pre-get_training_data/build/CMakeFiles/CMakeTmp'
Building C object CMakeFiles/cmTC_19ac8.dir/CMakeCCompilerABI.c.o
/home/jason/anaconda2/bin/cc     -o CMakeFiles/cmTC_19ac8.dir/CMakeCCompilerABI.c.o   -c /usr/share/cmake-3.5/Modules/CMakeCCompilerABI.c
Linking C executable cmTC_19ac8
/usr/bin/cmake -E cmake_link_script CMakeFiles/cmTC_19ac8.dir/link.txt --verbose=1
/home/jason/anaconda2/bin/cc      -v CMakeFiles/cmTC_19ac8.dir/CMakeCCompilerABI.c.o  -o cmTC_19ac8 -rdynamic  
Reading specs from /home/jason/anaconda2/bin/../lib/gcc/x86_64-unknown-linux-gnu/4.8.5/specs
COLLECT_GCC=/home/jason/anaconda2/bin/cc
COLLECT_LTO_WRAPPER=/home/jason/anaconda2/bin/../libexec/gcc/x86_64-unknown-linux-gnu/4.8.5/lto-wrapper
Target: x86_64-unknown-linux-gnu
Configured with: ./configure --prefix=/home/ray/mc-x64-2.7/conda-bld/gcc_1479223211463/_b_env_placehold_placehold_placehold_placehold_placehold_placehold_placehold_placehold_placehold_placehold_placehold_placehold_placehold_placehold_placehold_placehold_placehold_placehold_placehold_placehold --with-gxx-include-dir=/home/ray/mc-x64-2.7/conda-bld/gcc_1479223211463/_b_env_placehold_placehold_placehold_placehold_placehold_placehold_placehold_placehold_placehold_placehold_placehold_placehold_placehold_placehold_placehold_placehold_placehold_placehold_placehold_placehold/gcc/include/c++ --bindir=/home/ray/mc-x64-2.7/conda-bld/gcc_1479223211463/_b_env_placehold_placehold_placehold_placehold_placehold_placehold_placehold_placehold_placehold_placehold_placehold_placehold_placehold_placehold_placehold_placehold_placehold_placehold_placehold_placehold/bin --datarootdir=/home/ray/mc-x64-2.7/conda-bld/gcc_1479223211463/_b_env_placehold_placehold_placehold_placehold_placehold_placehold_placehold_placehold_placehold_placehold_placehold_placehold_placehold_placehold_placehold_placehold_placehold_placehold_placehold_placehold/share --libdir=/home/ray/mc-x64-2.7/conda-bld/gcc_1479223211463/_b_env_placehold_placehold_placehold_placehold_placehold_placehold_placehold_placehold_placehold_placehold_placehold_placehold_placehold_placehold_placehold_placehold_placehold_placehold_placehold_placehold/lib --with-gmp=/home/ray/mc-x64-2.7/conda-bld/gcc_1479223211463/_b_env_placehold_placehold_placehold_placehold_placehold_placehold_placehold_placehold_placehold_placehold_placehold_placehold_placehold_placehold_placehold_placehold_placehold_placehold_placehold_placehold --with-mpfr=/home/ray/mc-x64-2.7/conda-bld/gcc_1479223211463/_b_env_placehold_placehold_placehold_placehold_placehold_placehold_placehold_placehold_placehold_placehold_placehold_placehold_placehold_placehold_placehold_placehold_placehold_placehold_placehold_placehold --with-mpc=/home/ray/mc-x64-2.7/conda-bld/gcc_1479223211463/_b_env_placehold_placehold_placehold_placehold_placehold_placehold_placehold_placehold_placehold_placehold_placehold_placehold_placehold_placehold_placehold_placehold_placehold_placehold_placehold_placehold --with-isl=/home/ray/mc-x64-2.7/conda-bld/gcc_1479223211463/_b_env_placehold_placehold_placehold_placehold_placehold_placehold_placehold_placehold_placehold_placehold_placehold_placehold_placehold_placehold_placehold_placehold_placehold_placehold_placehold_placehold --with-cloog=/home/ray/mc-x64-2.7/conda-bld/gcc_1479223211463/_b_env_placehold_placehold_placehold_placehold_placehold_placehold_placehold_placehold_placehold_placehold_placehold_placehold_placehold_placehold_placehold_placehold_placehold_placehold_placehold_placehold --enable-checking=release --with-tune=generic --disable-multilib
Thread model: posix
gcc version 4.8.5 (GCC) 
COMPILER_PATH=/home/jason/anaconda2/bin/../libexec/gcc/x86_64-unknown-linux-gnu/4.8.5/:/home/jason/anaconda2/bin/../libexec/gcc/
LIBRARY_PATH=/home/jason/anaconda2/bin/../lib/gcc/x86_64-unknown-linux-gnu/4.8.5/:/home/jason/anaconda2/bin/../lib/gcc/:/home/jason/anaconda2/bin/../lib/gcc/x86_64-unknown-linux-gnu/4.8.5/../../../../lib/:/lib/../lib/:/usr/lib/../lib/:/home/jason/anaconda2/bin/../lib/gcc/x86_64-unknown-linux-gnu/4.8.5/../../../:/lib/:/usr/lib/
COLLECT_GCC_OPTIONS='-v' '-o' 'cmTC_19ac8' '-rdynamic' '-mtune=generic' '-march=x86-64'
 /home/jason/anaconda2/bin/../libexec/gcc/x86_64-unknown-linux-gnu/4.8.5/collect2 --eh-frame-hdr -m elf_x86_64 -export-dynamic -dynamic-linker /lib64/ld-linux-x86-64.so.2 -o cmTC_19ac8 /home/jason/anaconda2/bin/../lib/gcc/x86_64-unknown-linux-gnu/4.8.5/crt1.o /home/jason/anaconda2/bin/../lib/gcc/x86_64-unknown-linux-gnu/4.8.5/crti.o /home/jason/anaconda2/bin/../lib/gcc/x86_64-unknown-linux-gnu/4.8.5/crtbegin.o -L/home/jason/anaconda2/bin/../lib/gcc/x86_64-unknown-linux-gnu/4.8.5 -L/home/jason/anaconda2/bin/../lib/gcc -L/home/jason/anaconda2/bin/../lib/gcc/x86_64-unknown-linux-gnu/4.8.5/../../../../lib -L/lib/../lib -L/usr/lib/../lib -L/home/jason/anaconda2/bin/../lib/gcc/x86_64-unknown-linux-gnu/4.8.5/../../.. CMakeFiles/cmTC_19ac8.dir/CMakeCCompilerABI.c.o -lgcc --as-needed -lgcc_s --no-as-needed -lc -lgcc --as-needed -lgcc_s --no-as-needed /home/jason/anaconda2/bin/../lib/gcc/x86_64-unknown-linux-gnu/4.8.5/crtend.o /home/jason/anaconda2/bin/../lib/gcc/x86_64-unknown-linux-gnu/4.8.5/crtn.o
make[1]:正在离开目录 `/home/jason/lscPythoncode/pre-get_training_data/build/CMakeFiles/CMakeTmp'


Parsed C implicit link information from above output:
  link line regex: [^( *|.*[/\])(ld|([^/\]+-)?ld|collect2)[^/\]*( |$)]
  ignore line: [Change Dir: /home/jason/lscPythoncode/pre-get_training_data/build/CMakeFiles/CMakeTmp]
  ignore line: []
  ignore line: [Run Build Command:"/usr/bin/make" "cmTC_19ac8/fast"]
  ignore line: [/usr/bin/make -f CMakeFiles/cmTC_19ac8.dir/build.make CMakeFiles/cmTC_19ac8.dir/build]
  ignore line: [make[1]: 正在进入目录 `/home/jason/lscPythoncode/pre-get_training_data/build/CMakeFiles/CMakeTmp']
  ignore line: [Building C object CMakeFiles/cmTC_19ac8.dir/CMakeCCompilerABI.c.o]
  ignore line: [/home/jason/anaconda2/bin/cc     -o CMakeFiles/cmTC_19ac8.dir/CMakeCCompilerABI.c.o   -c /usr/share/cmake-3.5/Modules/CMakeCCompilerABI.c]
  ignore line: [Linking C executable cmTC_19ac8]
  ignore line: [/usr/bin/cmake -E cmake_link_script CMakeFiles/cmTC_19ac8.dir/link.txt --verbose=1]
  ignore line: [/home/jason/anaconda2/bin/cc      -v CMakeFiles/cmTC_19ac8.dir/CMakeCCompilerABI.c.o  -o cmTC_19ac8 -rdynamic  ]
  ignore line: [Reading specs from /home/jason/anaconda2/bin/../lib/gcc/x86_64-unknown-linux-gnu/4.8.5/specs]
  ignore line: [COLLECT_GCC=/home/jason/anaconda2/bin/cc]
  ignore line: [COLLECT_LTO_WRAPPER=/home/jason/anaconda2/bin/../libexec/gcc/x86_64-unknown-linux-gnu/4.8.5/lto-wrapper]
  ignore line: [Target: x86_64-unknown-linux-gnu]
  ignore line: [Configured with: ./configure --prefix=/home/ray/mc-x64-2.7/conda-bld/gcc_1479223211463/_b_env_placehold_placehold_placehold_placehold_placehold_placehold_placehold_placehold_placehold_placehold_placehold_placehold_placehold_placehold_placehold_placehold_placehold_placehold_placehold_placehold --with-gxx-include-dir=/home/ray/mc-x64-2.7/conda-bld/gcc_1479223211463/_b_env_placehold_placehold_placehold_placehold_placehold_placehold_placehold_placehold_placehold_placehold_placehold_placehold_placehold_placehold_placehold_placehold_placehold_placehold_placehold_placehold/gcc/include/c++ --bindir=/home/ray/mc-x64-2.7/conda-bld/gcc_1479223211463/_b_env_placehold_placehold_placehold_placehold_placehold_placehold_placehold_placehold_placehold_placehold_placehold_placehold_placehold_placehold_placehold_placehold_placehold_placehold_placehold_placehold/bin --datarootdir=/home/ray/mc-x64-2.7/conda-bld/gcc_1479223211463/_b_env_placehold_placehold_placehold_placehold_placehold_placehold_placehold_placehold_placehold_placehold_placehold_placehold_placehold_placehold_placehold_placehold_placehold_placehold_placehold_placehold/share --libdir=/home/ray/mc-x64-2.7/conda-bld/gcc_1479223211463/_b_env_placehold_placehold_placehold_placehold_placehold_placehold_placehold_placehold_placehold_placehold_placehold_placehold_placehold_placehold_placehold_placehold_placehold_placehold_placehold_placehold/lib --with-gmp=/home/ray/mc-x64-2.7/conda-bld/gcc_1479223211463/_b_env_placehold_placehold_placehold_placehold_placehold_placehold_placehold_placehold_placehold_placehold_placehold_placehold_placehold_placehold_placehold_placehold_placehold_placehold_placehold_placehold --with-mpfr=/home/ray/mc-x64-2.7/conda-bld/gcc_1479223211463/_b_env_placehold_placehold_placehold_placehold_placehold_placehold_placehold_placehold_placehold_placehold_placehold_placehold_placehold_placehold_placehold_placehold_placehold_placehold_placehold_placehold --with-mpc=/home/ray/mc-x64-2.7/conda-bld/gcc_1479223211463/_b_env_placehold_placehold_placehold_placehold_placehold_placehold_placehold_placehold_placehold_placehold_placehold_placehold_placehold_placehold_placehold_placehold_placehold_placehold_placehold_placehold --with-isl=/home/ray/mc-x64-2.7/conda-bld/gcc_1479223211463/_b_env_placehold_placehold_placehold_placehold_placehold_placehold_placehold_placehold_placehold_placehold_placehold_placehold_placehold_placehold_placehold_placehold_placehold_placehold_placehold_placehold --with-cloog=/home/ray/mc-x64-2.7/conda-bld/gcc_1479223211463/_b_env_placehold_placehold_placehold_placehold_placehold_placehold_placehold_placehold_placehold_placehold_placehold_placehold_placehold_placehold_placehold_placehold_placehold_placehold_placehold_placehold --enable-checking=release --with-tune=generic --disable-multilib]
  ignore line: [Thread model: posix]
  ignore line: [gcc version 4.8.5 (GCC) ]
  ignore line: [COMPILER_PATH=/home/jason/anaconda2/bin/../libexec/gcc/x86_64-unknown-linux-gnu/4.8.5/:/home/jason/anaconda2/bin/../libexec/gcc/]
  ignore line: [LIBRARY_PATH=/home/jason/anaconda2/bin/../lib/gcc/x86_64-unknown-linux-gnu/4.8.5/:/home/jason/anaconda2/bin/../lib/gcc/:/home/jason/anaconda2/bin/../lib/gcc/x86_64-unknown-linux-gnu/4.8.5/../../../../lib/:/lib/../lib/:/usr/lib/../lib/:/home/jason/anaconda2/bin/../lib/gcc/x86_64-unknown-linux-gnu/4.8.5/../../../:/lib/:/usr/lib/]
  ignore line: [COLLECT_GCC_OPTIONS='-v' '-o' 'cmTC_19ac8' '-rdynamic' '-mtune=generic' '-march=x86-64']
  link line: [ /home/jason/anaconda2/bin/../libexec/gcc/x86_64-unknown-linux-gnu/4.8.5/collect2 --eh-frame-hdr -m elf_x86_64 -export-dynamic -dynamic-linker /lib64/ld-linux-x86-64.so.2 -o cmTC_19ac8 /home/jason/anaconda2/bin/../lib/gcc/x86_64-unknown-linux-gnu/4.8.5/crt1.o /home/jason/anaconda2/bin/../lib/gcc/x86_64-unknown-linux-gnu/4.8.5/crti.o /home/jason/anaconda2/bin/../lib/gcc/x86_64-unknown-linux-gnu/4.8.5/crtbegin.o -L/home/jason/anaconda2/bin/../lib/gcc/x86_64-unknown-linux-gnu/4.8.5 -L/home/jason/anaconda2/bin/../lib/gcc -L/home/jason/anaconda2/bin/../lib/gcc/x86_64-unknown-linux-gnu/4.8.5/../../../../lib -L/lib/../lib -L/usr/lib/../lib -L/home/jason/anaconda2/bin/../lib/gcc/x86_64-unknown-linux-gnu/4.8.5/../../.. CMakeFiles/cmTC_19ac8.dir/CMakeCCompilerABI.c.o -lgcc --as-needed -lgcc_s --no-as-needed -lc -lgcc --as-needed -lgcc_s --no-as-needed /home/jason/anaconda2/bin/../lib/gcc/x86_64-unknown-linux-gnu/4.8.5/crtend.o /home/jason/anaconda2/bin/../lib/gcc/x86_64-unknown-linux-gnu/4.8.5/crtn.o]
    arg [/home/jason/anaconda2/bin/../libexec/gcc/x86_64-unknown-linux-gnu/4.8.5/collect2] ==> ignore
    arg [--eh-frame-hdr] ==> ignore
    arg [-m] ==> ignore
    arg [elf_x86_64] ==> ignore
    arg [-export-dynamic] ==> ignore
    arg [-dynamic-linker] ==> ignore
    arg [/lib64/ld-linux-x86-64.so.2] ==> ignore
    arg [-o] ==> ignore
    arg [cmTC_19ac8] ==> ignore
    arg [/home/jason/anaconda2/bin/../lib/gcc/x86_64-unknown-linux-gnu/4.8.5/crt1.o] ==> ignore
    arg [/home/jason/anaconda2/bin/../lib/gcc/x86_64-unknown-linux-gnu/4.8.5/crti.o] ==> ignore
    arg [/home/jason/anaconda2/bin/../lib/gcc/x86_64-unknown-linux-gnu/4.8.5/crtbegin.o] ==> ignore
    arg [-L/home/jason/anaconda2/bin/../lib/gcc/x86_64-unknown-linux-gnu/4.8.5] ==> dir [/home/jason/anaconda2/bin/../lib/gcc/x86_64-unknown-linux-gnu/4.8.5]
    arg [-L/home/jason/anaconda2/bin/../lib/gcc] ==> dir [/home/jason/anaconda2/bin/../lib/gcc]
    arg [-L/home/jason/anaconda2/bin/../lib/gcc/x86_64-unknown-linux-gnu/4.8.5/../../../../lib] ==> dir [/home/jason/anaconda2/bin/../lib/gcc/x86_64-unknown-linux-gnu/4.8.5/../../../../lib]
    arg [-L/lib/../lib] ==> dir [/lib/../lib]
    arg [-L/usr/lib/../lib] ==> dir [/usr/lib/../lib]
    arg [-L/home/jason/anaconda2/bin/../lib/gcc/x86_64-unknown-linux-gnu/4.8.5/../../..] ==> dir [/home/jason/anaconda2/bin/../lib/gcc/x86_64-unknown-linux-gnu/4.8.5/../../..]
    arg [CMakeFiles/cmTC_19ac8.dir/CMakeCCompilerABI.c.o] ==> ignore
    arg [-lgcc] ==> lib [gcc]
    arg [--as-needed] ==> ignore
    arg [-lgcc_s] ==> lib [gcc_s]
    arg [--no-as-needed] ==> ignore
    arg [-lc] ==> lib [c]
    arg [-lgcc] ==> lib [gcc]
    arg [--as-needed] ==> ignore
    arg [-lgcc_s] ==> lib [gcc_s]
    arg [--no-as-needed] ==> ignore
    arg [/home/jason/anaconda2/bin/../lib/gcc/x86_64-unknown-linux-gnu/4.8.5/crtend.o] ==> ignore
    arg [/home/jason/anaconda2/bin/../lib/gcc/x86_64-unknown-linux-gnu/4.8.5/crtn.o] ==> ignore
  remove lib [gcc]
  remove lib [gcc_s]
  remove lib [gcc]
  remove lib [gcc_s]
  collapse library dir [/home/jason/anaconda2/bin/../lib/gcc/x86_64-unknown-linux-gnu/4.8.5] ==> [/home/jason/anaconda2/lib/gcc/x86_64-unknown-linux-gnu/4.8.5]
  collapse library dir [/home/jason/anaconda2/bin/../lib/gcc] ==> [/home/jason/anaconda2/lib/gcc]
  collapse library dir [/home/jason/anaconda2/bin/../lib/gcc/x86_64-unknown-linux-gnu/4.8.5/../../../../lib] ==> [/home/jason/anaconda2/lib]
  collapse library dir [/lib/../lib] ==> [/lib]
  collapse library dir [/usr/lib/../lib] ==> [/usr/lib]
  collapse library dir [/home/jason/anaconda2/bin/../lib/gcc/x86_64-unknown-linux-gnu/4.8.5/../../..] ==> [/home/jason/anaconda2/lib]
  implicit libs: [c]
  implicit dirs: [/home/jason/anaconda2/lib/gcc/x86_64-unknown-linux-gnu/4.8.5;/home/jason/anaconda2/lib/gcc;/home/jason/anaconda2/lib;/lib;/usr/lib]
  implicit fwks: []




Detecting C [-std=c11] compiler features compiled with the following output:
Change Dir: /home/jason/lscPythoncode/pre-get_training_data/build/CMakeFiles/CMakeTmp

Run Build Command:"/usr/bin/make" "cmTC_e0206/fast"
/usr/bin/make -f CMakeFiles/cmTC_e0206.dir/build.make CMakeFiles/cmTC_e0206.dir/build
make[1]: 正在进入目录 `/home/jason/lscPythoncode/pre-get_training_data/build/CMakeFiles/CMakeTmp'
Building C object CMakeFiles/cmTC_e0206.dir/feature_tests.c.o
/home/jason/anaconda2/bin/cc    -std=c11 -o CMakeFiles/cmTC_e0206.dir/feature_tests.c.o   -c /home/jason/lscPythoncode/pre-get_training_data/build/CMakeFiles/feature_tests.c
Linking C executable cmTC_e0206
/usr/bin/cmake -E cmake_link_script CMakeFiles/cmTC_e0206.dir/link.txt --verbose=1
/home/jason/anaconda2/bin/cc       CMakeFiles/cmTC_e0206.dir/feature_tests.c.o  -o cmTC_e0206 -rdynamic 
make[1]:正在离开目录 `/home/jason/lscPythoncode/pre-get_training_data/build/CMakeFiles/CMakeTmp'


    Feature record: C_FEATURE:1c_function_prototypes
    Feature record: C_FEATURE:1c_restrict
    Feature record: C_FEATURE:1c_static_assert
    Feature record: C_FEATURE:1c_variadic_macros


Detecting C [-std=c99] compiler features compiled with the following output:
Change Dir: /home/jason/lscPythoncode/pre-get_training_data/build/CMakeFiles/CMakeTmp

Run Build Command:"/usr/bin/make" "cmTC_db7d2/fast"
/usr/bin/make -f CMakeFiles/cmTC_db7d2.dir/build.make CMakeFiles/cmTC_db7d2.dir/build
make[1]: 正在进入目录 `/home/jason/lscPythoncode/pre-get_training_data/build/CMakeFiles/CMakeTmp'
Building C object CMakeFiles/cmTC_db7d2.dir/feature_tests.c.o
/home/jason/anaconda2/bin/cc    -std=c99 -o CMakeFiles/cmTC_db7d2.dir/feature_tests.c.o   -c /home/jason/lscPythoncode/pre-get_training_data/build/CMakeFiles/feature_tests.c
Linking C executable cmTC_db7d2
/usr/bin/cmake -E cmake_link_script CMakeFiles/cmTC_db7d2.dir/link.txt --verbose=1
/home/jason/anaconda2/bin/cc       CMakeFiles/cmTC_db7d2.dir/feature_tests.c.o  -o cmTC_db7d2 -rdynamic 
make[1]:正在离开目录 `/home/jason/lscPythoncode/pre-get_training_data/build/CMakeFiles/CMakeTmp'


    Feature record: C_FEATURE:1c_function_prototypes
    Feature record: C_FEATURE:1c_restrict
    Feature record: C_FEATURE:0c_static_assert
    Feature record: C_FEATURE:1c_variadic_macros


Detecting C [-std=c90] compiler features compiled with the following output:
Change Dir: /home/jason/lscPythoncode/pre-get_training_data/build/CMakeFiles/CMakeTmp

Run Build Command:"/usr/bin/make" "cmTC_46e8e/fast"
/usr/bin/make -f CMakeFiles/cmTC_46e8e.dir/build.make CMakeFiles/cmTC_46e8e.dir/build
make[1]: 正在进入目录 `/home/jason/lscPythoncode/pre-get_training_data/build/CMakeFiles/CMakeTmp'
Building C object CMakeFiles/cmTC_46e8e.dir/feature_tests.c.o
/home/jason/anaconda2/bin/cc    -std=c90 -o CMakeFiles/cmTC_46e8e.dir/feature_tests.c.o   -c /home/jason/lscPythoncode/pre-get_training_data/build/CMakeFiles/feature_tests.c
Linking C executable cmTC_46e8e
/usr/bin/cmake -E cmake_link_script CMakeFiles/cmTC_46e8e.dir/link.txt --verbose=1
/home/jason/anaconda2/bin/cc       CMakeFiles/cmTC_46e8e.dir/feature_tests.c.o  -o cmTC_46e8e -rdynamic 
make[1]:正在离开目录 `/home/jason/lscPythoncode/pre-get_training_data/build/CMakeFiles/CMakeTmp'


    Feature record: C_FEATURE:1c_function_prototypes
    Feature record: C_FEATURE:0c_restrict
    Feature record: C_FEATURE:0c_static_assert
    Feature record: C_FEATURE:0c_variadic_macros
Determining if the CXX compiler works passed with the following output:
Change Dir: /home/jason/lscPythoncode/pre-get_training_data/build/CMakeFiles/CMakeTmp

Run Build Command:"/usr/bin/make" "cmTC_97b66/fast"
/usr/bin/make -f CMakeFiles/cmTC_97b66.dir/build.make CMakeFiles/cmTC_97b66.dir/build
make[1]: 正在进入目录 `/home/jason/lscPythoncode/pre-get_training_data/build/CMakeFiles/CMakeTmp'
Building CXX object CMakeFiles/cmTC_97b66.dir/testCXXCompiler.cxx.o
/home/jason/anaconda2/bin/c++      -o CMakeFiles/cmTC_97b66.dir/testCXXCompiler.cxx.o -c /home/jason/lscPythoncode/pre-get_training_data/build/CMakeFiles/CMakeTmp/testCXXCompiler.cxx
Linking CXX executable cmTC_97b66
/usr/bin/cmake -E cmake_link_script CMakeFiles/cmTC_97b66.dir/link.txt --verbose=1
/home/jason/anaconda2/bin/c++        CMakeFiles/cmTC_97b66.dir/testCXXCompiler.cxx.o  -o cmTC_97b66 -rdynamic 
make[1]:正在离开目录 `/home/jason/lscPythoncode/pre-get_training_data/build/CMakeFiles/CMakeTmp'


Detecting CXX compiler ABI info compiled with the following output:
Change Dir: /home/jason/lscPythoncode/pre-get_training_data/build/CMakeFiles/CMakeTmp

Run Build Command:"/usr/bin/make" "cmTC_208bc/fast"
/usr/bin/make -f CMakeFiles/cmTC_208bc.dir/build.make CMakeFiles/cmTC_208bc.dir/build
make[1]: 正在进入目录 `/home/jason/lscPythoncode/pre-get_training_data/build/CMakeFiles/CMakeTmp'
Building CXX object CMakeFiles/cmTC_208bc.dir/CMakeCXXCompilerABI.cpp.o
/home/jason/anaconda2/bin/c++      -o CMakeFiles/cmTC_208bc.dir/CMakeCXXCompilerABI.cpp.o -c /usr/share/cmake-3.5/Modules/CMakeCXXCompilerABI.cpp
Linking CXX executable cmTC_208bc
/usr/bin/cmake -E cmake_link_script CMakeFiles/cmTC_208bc.dir/link.txt --verbose=1
/home/jason/anaconda2/bin/c++       -v CMakeFiles/cmTC_208bc.dir/CMakeCXXCompilerABI.cpp.o  -o cmTC_208bc -rdynamic  
Reading specs from /home/jason/anaconda2/bin/../lib/gcc/x86_64-unknown-linux-gnu/4.8.5/specs
COLLECT_GCC=/home/jason/anaconda2/bin/c++
COLLECT_LTO_WRAPPER=/home/jason/anaconda2/bin/../libexec/gcc/x86_64-unknown-linux-gnu/4.8.5/lto-wrapper
Target: x86_64-unknown-linux-gnu
Configured with: ./configure --prefix=/home/ray/mc-x64-2.7/conda-bld/gcc_1479223211463/_b_env_placehold_placehold_placehold_placehold_placehold_placehold_placehold_placehold_placehold_placehold_placehold_placehold_placehold_placehold_placehold_placehold_placehold_placehold_placehold_placehold --with-gxx-include-dir=/home/ray/mc-x64-2.7/conda-bld/gcc_1479223211463/_b_env_placehold_placehold_placehold_placehold_placehold_placehold_placehold_placehold_placehold_placehold_placehold_placehold_placehold_placehold_placehold_placehold_placehold_placehold_placehold_placehold/gcc/include/c++ --bindir=/home/ray/mc-x64-2.7/conda-bld/gcc_1479223211463/_b_env_placehold_placehold_placehold_placehold_placehold_placehold_placehold_placehold_placehold_placehold_placehold_placehold_placehold_placehold_placehold_placehold_placehold_placehold_placehold_placehold/bin --datarootdir=/home/ray/mc-x64-2.7/conda-bld/gcc_1479223211463/_b_env_placehold_placehold_placehold_placehold_placehold_placehold_placehold_placehold_placehold_placehold_placehold_placehold_placehold_placehold_placehold_placehold_placehold_placehold_placehold_placehold/share --libdir=/home/ray/mc-x64-2.7/conda-bld/gcc_1479223211463/_b_env_placehold_placehold_placehold_placehold_placehold_placehold_placehold_placehold_placehold_placehold_placehold_placehold_placehold_placehold_placehold_placehold_placehold_placehold_placehold_placehold/lib --with-gmp=/home/ray/mc-x64-2.7/conda-bld/gcc_1479223211463/_b_env_placehold_placehold_placehold_placehold_placehold_placehold_placehold_placehold_placehold_placehold_placehold_placehold_placehold_placehold_placehold_placehold_placehold_placehold_placehold_placehold --with-mpfr=/home/ray/mc-x64-2.7/conda-bld/gcc_1479223211463/_b_env_placehold_placehold_placehold_placehold_placehold_placehold_placehold_placehold_placehold_placehold_placehold_placehold_placehold_placehold_placehold_placehold_placehold_placehold_placehold_placehold --with-mpc=/home/ray/mc-x64-2.7/conda-bld/gcc_1479223211463/_b_env_placehold_placehold_placehold_placehold_placehold_placehold_placehold_placehold_placehold_placehold_placehold_placehold_placehold_placehold_placehold_placehold_placehold_placehold_placehold_placehold --with-isl=/home/ray/mc-x64-2.7/conda-bld/gcc_1479223211463/_b_env_placehold_placehold_placehold_placehold_placehold_placehold_placehold_placehold_placehold_placehold_placehold_placehold_placehold_placehold_placehold_placehold_placehold_placehold_placehold_placehold --with-cloog=/home/ray/mc-x64-2.7/conda-bld/gcc_1479223211463/_b_env_placehold_placehold_placehold_placehold_placehold_placehold_placehold_placehold_placehold_placehold_placehold_placehold_placehold_placehold_placehold_placehold_placehold_placehold_placehold_placehold --enable-checking=release --with-tune=generic --disable-multilib
Thread model: posix
gcc version 4.8.5 (GCC) 
COMPILER_PATH=/home/jason/anaconda2/bin/../libexec/gcc/x86_64-unknown-linux-gnu/4.8.5/:/home/jason/anaconda2/bin/../libexec/gcc/
LIBRARY_PATH=/home/jason/anaconda2/bin/../lib/gcc/x86_64-unknown-linux-gnu/4.8.5/:/home/jason/anaconda2/bin/../lib/gcc/:/home/jason/anaconda2/bin/../lib/gcc/x86_64-unknown-linux-gnu/4.8.5/../../../../lib/:/lib/../lib/:/usr/lib/../lib/:/home/jason/anaconda2/bin/../lib/gcc/x86_64-unknown-linux-gnu/4.8.5/../../../:/lib/:/usr/lib/
COLLECT_GCC_OPTIONS='-v' '-o' 'cmTC_208bc' '-rdynamic' '-shared-libgcc' '-mtune=generic' '-march=x86-64'
 /home/jason/anaconda2/bin/../libexec/gcc/x86_64-unknown-linux-gnu/4.8.5/collect2 --eh-frame-hdr -m elf_x86_64 -export-dynamic -dynamic-linker /lib64/ld-linux-x86-64.so.2 -o cmTC_208bc /home/jason/anaconda2/bin/../lib/gcc/x86_64-unknown-linux-gnu/4.8.5/crt1.o /home/jason/anaconda2/bin/../lib/gcc/x86_64-unknown-linux-gnu/4.8.5/crti.o /home/jason/anaconda2/bin/../lib/gcc/x86_64-unknown-linux-gnu/4.8.5/crtbegin.o -L/home/jason/anaconda2/bin/../lib/gcc/x86_64-unknown-linux-gnu/4.8.5 -L/home/jason/anaconda2/bin/../lib/gcc -L/home/jason/anaconda2/bin/../lib/gcc/x86_64-unknown-linux-gnu/4.8.5/../../../../lib -L/lib/../lib -L/usr/lib/../lib -L/home/jason/anaconda2/bin/../lib/gcc/x86_64-unknown-linux-gnu/4.8.5/../../.. CMakeFiles/cmTC_208bc.dir/CMakeCXXCompilerABI.cpp.o -lstdc++ -lm -lgcc_s -lgcc -lc -lgcc_s -lgcc /home/jason/anaconda2/bin/../lib/gcc/x86_64-unknown-linux-gnu/4.8.5/crtend.o /home/jason/anaconda2/bin/../lib/gcc/x86_64-unknown-linux-gnu/4.8.5/crtn.o
make[1]:正在离开目录 `/home/jason/lscPythoncode/pre-get_training_data/build/CMakeFiles/CMakeTmp'


Parsed CXX implicit link information from above output:
  link line regex: [^( *|.*[/\])(ld|([^/\]+-)?ld|collect2)[^/\]*( |$)]
  ignore line: [Change Dir: /home/jason/lscPythoncode/pre-get_training_data/build/CMakeFiles/CMakeTmp]
  ignore line: []
  ignore line: [Run Build Command:"/usr/bin/make" "cmTC_208bc/fast"]
  ignore line: [/usr/bin/make -f CMakeFiles/cmTC_208bc.dir/build.make CMakeFiles/cmTC_208bc.dir/build]
  ignore line: [make[1]: 正在进入目录 `/home/jason/lscPythoncode/pre-get_training_data/build/CMakeFiles/CMakeTmp']
  ignore line: [Building CXX object CMakeFiles/cmTC_208bc.dir/CMakeCXXCompilerABI.cpp.o]
  ignore line: [/home/jason/anaconda2/bin/c++      -o CMakeFiles/cmTC_208bc.dir/CMakeCXXCompilerABI.cpp.o -c /usr/share/cmake-3.5/Modules/CMakeCXXCompilerABI.cpp]
  ignore line: [Linking CXX executable cmTC_208bc]
  ignore line: [/usr/bin/cmake -E cmake_link_script CMakeFiles/cmTC_208bc.dir/link.txt --verbose=1]
  ignore line: [/home/jason/anaconda2/bin/c++       -v CMakeFiles/cmTC_208bc.dir/CMakeCXXCompilerABI.cpp.o  -o cmTC_208bc -rdynamic  ]
  ignore line: [Reading specs from /home/jason/anaconda2/bin/../lib/gcc/x86_64-unknown-linux-gnu/4.8.5/specs]
  ignore line: [COLLECT_GCC=/home/jason/anaconda2/bin/c++]
  ignore line: [COLLECT_LTO_WRAPPER=/home/jason/anaconda2/bin/../libexec/gcc/x86_64-unknown-linux-gnu/4.8.5/lto-wrapper]
  ignore line: [Target: x86_64-unknown-linux-gnu]
  ignore line: [Configured with: ./configure --prefix=/home/ray/mc-x64-2.7/conda-bld/gcc_1479223211463/_b_env_placehold_placehold_placehold_placehold_placehold_placehold_placehold_placehold_placehold_placehold_placehold_placehold_placehold_placehold_placehold_placehold_placehold_placehold_placehold_placehold --with-gxx-include-dir=/home/ray/mc-x64-2.7/conda-bld/gcc_1479223211463/_b_env_placehold_placehold_placehold_placehold_placehold_placehold_placehold_placehold_placehold_placehold_placehold_placehold_placehold_placehold_placehold_placehold_placehold_placehold_placehold_placehold/gcc/include/c++ --bindir=/home/ray/mc-x64-2.7/conda-bld/gcc_1479223211463/_b_env_placehold_placehold_placehold_placehold_placehold_placehold_placehold_placehold_placehold_placehold_placehold_placehold_placehold_placehold_placehold_placehold_placehold_placehold_placehold_placehold/bin --datarootdir=/home/ray/mc-x64-2.7/conda-bld/gcc_1479223211463/_b_env_placehold_placehold_placehold_placehold_placehold_placehold_placehold_placehold_placehold_placehold_placehold_placehold_placehold_placehold_placehold_placehold_placehold_placehold_placehold_placehold/share --libdir=/home/ray/mc-x64-2.7/conda-bld/gcc_1479223211463/_b_env_placehold_placehold_placehold_placehold_placehold_placehold_placehold_placehold_placehold_placehold_placehold_placehold_placehold_placehold_placehold_placehold_placehold_placehold_placehold_placehold/lib --with-gmp=/home/ray/mc-x64-2.7/conda-bld/gcc_1479223211463/_b_env_placehold_placehold_placehold_placehold_placehold_placehold_placehold_placehold_placehold_placehold_placehold_placehold_placehold_placehold_placehold_placehold_placehold_placehold_placehold_placehold --with-mpfr=/home/ray/mc-x64-2.7/conda-bld/gcc_1479223211463/_b_env_placehold_placehold_placehold_placehold_placehold_placehold_placehold_placehold_placehold_placehold_placehold_placehold_placehold_placehold_placehold_placehold_placehold_placehold_placehold_placehold --with-mpc=/home/ray/mc-x64-2.7/conda-bld/gcc_1479223211463/_b_env_placehold_placehold_placehold_placehold_placehold_placehold_placehold_placehold_placehold_placehold_placehold_placehold_placehold_placehold_placehold_placehold_placehold_placehold_placehold_placehold --with-isl=/home/ray/mc-x64-2.7/conda-bld/gcc_1479223211463/_b_env_placehold_placehold_placehold_placehold_placehold_placehold_placehold_placehold_placehold_placehold_placehold_placehold_placehold_placehold_placehold_placehold_placehold_placehold_placehold_placehold --with-cloog=/home/ray/mc-x64-2.7/conda-bld/gcc_1479223211463/_b_env_placehold_placehold_placehold_placehold_placehold_placehold_placehold_placehold_placehold_placehold_placehold_placehold_placehold_placehold_placehold_placehold_placehold_placehold_placehold_placehold --enable-checking=release --with-tune=generic --disable-multilib]
  ignore line: [Thread model: posix]
  ignore line: [gcc version 4.8.5 (GCC) ]
  ignore line: [COMPILER_PATH=/home/jason/anaconda2/bin/../libexec/gcc/x86_64-unknown-linux-gnu/4.8.5/:/home/jason/anaconda2/bin/../libexec/gcc/]
  ignore line: [LIBRARY_PATH=/home/jason/anaconda2/bin/../lib/gcc/x86_64-unknown-linux-gnu/4.8.5/:/home/jason/anaconda2/bin/../lib/gcc/:/home/jason/anaconda2/bin/../lib/gcc/x86_64-unknown-linux-gnu/4.8.5/../../../../lib/:/lib/../lib/:/usr/lib/../lib/:/home/jason/anaconda2/bin/../lib/gcc/x86_64-unknown-linux-gnu/4.8.5/../../../:/lib/:/usr/lib/]
  ignore line: [COLLECT_GCC_OPTIONS='-v' '-o' 'cmTC_208bc' '-rdynamic' '-shared-libgcc' '-mtune=generic' '-march=x86-64']
  link line: [ /home/jason/anaconda2/bin/../libexec/gcc/x86_64-unknown-linux-gnu/4.8.5/collect2 --eh-frame-hdr -m elf_x86_64 -export-dynamic -dynamic-linker /lib64/ld-linux-x86-64.so.2 -o cmTC_208bc /home/jason/anaconda2/bin/../lib/gcc/x86_64-unknown-linux-gnu/4.8.5/crt1.o /home/jason/anaconda2/bin/../lib/gcc/x86_64-unknown-linux-gnu/4.8.5/crti.o /home/jason/anaconda2/bin/../lib/gcc/x86_64-unknown-linux-gnu/4.8.5/crtbegin.o -L/home/jason/anaconda2/bin/../lib/gcc/x86_64-unknown-linux-gnu/4.8.5 -L/home/jason/anaconda2/bin/../lib/gcc -L/home/jason/anaconda2/bin/../lib/gcc/x86_64-unknown-linux-gnu/4.8.5/../../../../lib -L/lib/../lib -L/usr/lib/../lib -L/home/jason/anaconda2/bin/../lib/gcc/x86_64-unknown-linux-gnu/4.8.5/../../.. CMakeFiles/cmTC_208bc.dir/CMakeCXXCompilerABI.cpp.o -lstdc++ -lm -lgcc_s -lgcc -lc -lgcc_s -lgcc /home/jason/anaconda2/bin/../lib/gcc/x86_64-unknown-linux-gnu/4.8.5/crtend.o /home/jason/anaconda2/bin/../lib/gcc/x86_64-unknown-linux-gnu/4.8.5/crtn.o]
    arg [/home/jason/anaconda2/bin/../libexec/gcc/x86_64-unknown-linux-gnu/4.8.5/collect2] ==> ignore
    arg [--eh-frame-hdr] ==> ignore
    arg [-m] ==> ignore
    arg [elf_x86_64] ==> ignore
    arg [-export-dynamic] ==> ignore
    arg [-dynamic-linker] ==> ignore
    arg [/lib64/ld-linux-x86-64.so.2] ==> ignore
    arg [-o] ==> ignore
    arg [cmTC_208bc] ==> ignore
    arg [/home/jason/anaconda2/bin/../lib/gcc/x86_64-unknown-linux-gnu/4.8.5/crt1.o] ==> ignore
    arg [/home/jason/anaconda2/bin/../lib/gcc/x86_64-unknown-linux-gnu/4.8.5/crti.o] ==> ignore
    arg [/home/jason/anaconda2/bin/../lib/gcc/x86_64-unknown-linux-gnu/4.8.5/crtbegin.o] ==> ignore
    arg [-L/home/jason/anaconda2/bin/../lib/gcc/x86_64-unknown-linux-gnu/4.8.5] ==> dir [/home/jason/anaconda2/bin/../lib/gcc/x86_64-unknown-linux-gnu/4.8.5]
    arg [-L/home/jason/anaconda2/bin/../lib/gcc] ==> dir [/home/jason/anaconda2/bin/../lib/gcc]
    arg [-L/home/jason/anaconda2/bin/../lib/gcc/x86_64-unknown-linux-gnu/4.8.5/../../../../lib] ==> dir [/home/jason/anaconda2/bin/../lib/gcc/x86_64-unknown-linux-gnu/4.8.5/../../../../lib]
    arg [-L/lib/../lib] ==> dir [/lib/../lib]
    arg [-L/usr/lib/../lib] ==> dir [/usr/lib/../lib]
    arg [-L/home/jason/anaconda2/bin/../lib/gcc/x86_64-unknown-linux-gnu/4.8.5/../../..] ==> dir [/home/jason/anaconda2/bin/../lib/gcc/x86_64-unknown-linux-gnu/4.8.5/../../..]
    arg [CMakeFiles/cmTC_208bc.dir/CMakeCXXCompilerABI.cpp.o] ==> ignore
    arg [-lstdc++] ==> lib [stdc++]
    arg [-lm] ==> lib [m]
    arg [-lgcc_s] ==> lib [gcc_s]
    arg [-lgcc] ==> lib [gcc]
    arg [-lc] ==> lib [c]
    arg [-lgcc_s] ==> lib [gcc_s]
    arg [-lgcc] ==> lib [gcc]
    arg [/home/jason/anaconda2/bin/../lib/gcc/x86_64-unknown-linux-gnu/4.8.5/crtend.o] ==> ignore
    arg [/home/jason/anaconda2/bin/../lib/gcc/x86_64-unknown-linux-gnu/4.8.5/crtn.o] ==> ignore
  remove lib [gcc_s]
  remove lib [gcc]
  remove lib [gcc_s]
  remove lib [gcc]
  collapse library dir [/home/jason/anaconda2/bin/../lib/gcc/x86_64-unknown-linux-gnu/4.8.5] ==> [/home/jason/anaconda2/lib/gcc/x86_64-unknown-linux-gnu/4.8.5]
  collapse library dir [/home/jason/anaconda2/bin/../lib/gcc] ==> [/home/jason/anaconda2/lib/gcc]
  collapse library dir [/home/jason/anaconda2/bin/../lib/gcc/x86_64-unknown-linux-gnu/4.8.5/../../../../lib] ==> [/home/jason/anaconda2/lib]
  collapse library dir [/lib/../lib] ==> [/lib]
  collapse library dir [/usr/lib/../lib] ==> [/usr/lib]
  collapse library dir [/home/jason/anaconda2/bin/../lib/gcc/x86_64-unknown-linux-gnu/4.8.5/../../..] ==> [/home/jason/anaconda2/lib]
  implicit libs: [stdc++;m;c]
  implicit dirs: [/home/jason/anaconda2/lib/gcc/x86_64-unknown-linux-gnu/4.8.5;/home/jason/anaconda2/lib/gcc;/home/jason/anaconda2/lib;/lib;/usr/lib]
  implicit fwks: []




Detecting CXX [-std=c++1y] compiler features compiled with the following output:
Change Dir: /home/jason/lscPythoncode/pre-get_training_data/build/CMakeFiles/CMakeTmp

Run Build Command:"/usr/bin/make" "cmTC_1d1ec/fast"
/usr/bin/make -f CMakeFiles/cmTC_1d1ec.dir/build.make CMakeFiles/cmTC_1d1ec.dir/build
make[1]: 正在进入目录 `/home/jason/lscPythoncode/pre-get_training_data/build/CMakeFiles/CMakeTmp'
Building CXX object CMakeFiles/cmTC_1d1ec.dir/feature_tests.cxx.o
/home/jason/anaconda2/bin/c++     -std=c++1y -o CMakeFiles/cmTC_1d1ec.dir/feature_tests.cxx.o -c /home/jason/lscPythoncode/pre-get_training_data/build/CMakeFiles/feature_tests.cxx
Linking CXX executable cmTC_1d1ec
/usr/bin/cmake -E cmake_link_script CMakeFiles/cmTC_1d1ec.dir/link.txt --verbose=1
/home/jason/anaconda2/bin/c++        CMakeFiles/cmTC_1d1ec.dir/feature_tests.cxx.o  -o cmTC_1d1ec -rdynamic 
make[1]:正在离开目录 `/home/jason/lscPythoncode/pre-get_training_data/build/CMakeFiles/CMakeTmp'


    Feature record: CXX_FEATURE:0cxx_aggregate_default_initializers
    Feature record: CXX_FEATURE:1cxx_alias_templates
    Feature record: CXX_FEATURE:1cxx_alignas
    Feature record: CXX_FEATURE:1cxx_alignof
    Feature record: CXX_FEATURE:1cxx_attributes
    Feature record: CXX_FEATURE:0cxx_attribute_deprecated
    Feature record: CXX_FEATURE:1cxx_auto_type
    Feature record: CXX_FEATURE:0cxx_binary_literals
    Feature record: CXX_FEATURE:1cxx_constexpr
    Feature record: CXX_FEATURE:0cxx_contextual_conversions
    Feature record: CXX_FEATURE:1cxx_decltype
    Feature record: CXX_FEATURE:0cxx_decltype_auto
    Feature record: CXX_FEATURE:1cxx_decltype_incomplete_return_types
    Feature record: CXX_FEATURE:1cxx_default_function_template_args
    Feature record: CXX_FEATURE:1cxx_defaulted_functions
    Feature record: CXX_FEATURE:1cxx_defaulted_move_initializers
    Feature record: CXX_FEATURE:1cxx_delegating_constructors
    Feature record: CXX_FEATURE:1cxx_deleted_functions
    Feature record: CXX_FEATURE:0cxx_digit_separators
    Feature record: CXX_FEATURE:1cxx_enum_forward_declarations
    Feature record: CXX_FEATURE:1cxx_explicit_conversions
    Feature record: CXX_FEATURE:1cxx_extended_friend_declarations
    Feature record: CXX_FEATURE:1cxx_extern_templates
    Feature record: CXX_FEATURE:1cxx_final
    Feature record: CXX_FEATURE:1cxx_func_identifier
    Feature record: CXX_FEATURE:1cxx_generalized_initializers
    Feature record: CXX_FEATURE:0cxx_generic_lambdas
    Feature record: CXX_FEATURE:1cxx_inheriting_constructors
    Feature record: CXX_FEATURE:1cxx_inline_namespaces
    Feature record: CXX_FEATURE:1cxx_lambdas
    Feature record: CXX_FEATURE:0cxx_lambda_init_captures
    Feature record: CXX_FEATURE:1cxx_local_type_template_args
    Feature record: CXX_FEATURE:1cxx_long_long_type
    Feature record: CXX_FEATURE:1cxx_noexcept
    Feature record: CXX_FEATURE:1cxx_nonstatic_member_init
    Feature record: CXX_FEATURE:1cxx_nullptr
    Feature record: CXX_FEATURE:1cxx_override
    Feature record: CXX_FEATURE:1cxx_range_for
    Feature record: CXX_FEATURE:1cxx_raw_string_literals
    Feature record: CXX_FEATURE:1cxx_reference_qualified_functions
    Feature record: CXX_FEATURE:0cxx_relaxed_constexpr
    Feature record: CXX_FEATURE:0cxx_return_type_deduction
    Feature record: CXX_FEATURE:1cxx_right_angle_brackets
    Feature record: CXX_FEATURE:1cxx_rvalue_references
    Feature record: CXX_FEATURE:1cxx_sizeof_member
    Feature record: CXX_FEATURE:1cxx_static_assert
    Feature record: CXX_FEATURE:1cxx_strong_enums
    Feature record: CXX_FEATURE:1cxx_template_template_parameters
    Feature record: CXX_FEATURE:1cxx_thread_local
    Feature record: CXX_FEATURE:1cxx_trailing_return_types
    Feature record: CXX_FEATURE:1cxx_unicode_literals
    Feature record: CXX_FEATURE:1cxx_uniform_initialization
    Feature record: CXX_FEATURE:1cxx_unrestricted_unions
    Feature record: CXX_FEATURE:1cxx_user_literals
    Feature record: CXX_FEATURE:0cxx_variable_templates
    Feature record: CXX_FEATURE:1cxx_variadic_macros
    Feature record: CXX_FEATURE:1cxx_variadic_templates


Detecting CXX [-std=c++11] compiler features compiled with the following output:
Change Dir: /home/jason/lscPythoncode/pre-get_training_data/build/CMakeFiles/CMakeTmp

Run Build Command:"/usr/bin/make" "cmTC_10b1e/fast"
/usr/bin/make -f CMakeFiles/cmTC_10b1e.dir/build.make CMakeFiles/cmTC_10b1e.dir/build
make[1]: 正在进入目录 `/home/jason/lscPythoncode/pre-get_training_data/build/CMakeFiles/CMakeTmp'
Building CXX object CMakeFiles/cmTC_10b1e.dir/feature_tests.cxx.o
/home/jason/anaconda2/bin/c++     -std=c++11 -o CMakeFiles/cmTC_10b1e.dir/feature_tests.cxx.o -c /home/jason/lscPythoncode/pre-get_training_data/build/CMakeFiles/feature_tests.cxx
Linking CXX executable cmTC_10b1e
/usr/bin/cmake -E cmake_link_script CMakeFiles/cmTC_10b1e.dir/link.txt --verbose=1
/home/jason/anaconda2/bin/c++        CMakeFiles/cmTC_10b1e.dir/feature_tests.cxx.o  -o cmTC_10b1e -rdynamic 
make[1]:正在离开目录 `/home/jason/lscPythoncode/pre-get_training_data/build/CMakeFiles/CMakeTmp'


    Feature record: CXX_FEATURE:0cxx_aggregate_default_initializers
    Feature record: CXX_FEATURE:1cxx_alias_templates
    Feature record: CXX_FEATURE:1cxx_alignas
    Feature record: CXX_FEATURE:1cxx_alignof
    Feature record: CXX_FEATURE:1cxx_attributes
    Feature record: CXX_FEATURE:0cxx_attribute_deprecated
    Feature record: CXX_FEATURE:1cxx_auto_type
    Feature record: CXX_FEATURE:0cxx_binary_literals
    Feature record: CXX_FEATURE:1cxx_constexpr
    Feature record: CXX_FEATURE:0cxx_contextual_conversions
    Feature record: CXX_FEATURE:1cxx_decltype
    Feature record: CXX_FEATURE:0cxx_decltype_auto
    Feature record: CXX_FEATURE:1cxx_decltype_incomplete_return_types
    Feature record: CXX_FEATURE:1cxx_default_function_template_args
    Feature record: CXX_FEATURE:1cxx_defaulted_functions
    Feature record: CXX_FEATURE:1cxx_defaulted_move_initializers
    Feature record: CXX_FEATURE:1cxx_delegating_constructors
    Feature record: CXX_FEATURE:1cxx_deleted_functions
    Feature record: CXX_FEATURE:0cxx_digit_separators
    Feature record: CXX_FEATURE:1cxx_enum_forward_declarations
    Feature record: CXX_FEATURE:1cxx_explicit_conversions
    Feature record: CXX_FEATURE:1cxx_extended_friend_declarations
    Feature record: CXX_FEATURE:1cxx_extern_templates
    Feature record: CXX_FEATURE:1cxx_final
    Feature record: CXX_FEATURE:1cxx_func_identifier
    Feature record: CXX_FEATURE:1cxx_generalized_initializers
    Feature record: CXX_FEATURE:0cxx_generic_lambdas
    Feature record: CXX_FEATURE:1cxx_inheriting_constructors
    Feature record: CXX_FEATURE:1cxx_inline_namespaces
    Feature record: CXX_FEATURE:1cxx_lambdas
    Feature record: CXX_FEATURE:0cxx_lambda_init_captures
    Feature record: CXX_FEATURE:1cxx_local_type_template_args
    Feature record: CXX_FEATURE:1cxx_long_long_type
    Feature record: CXX_FEATURE:1cxx_noexcept
    Feature record: CXX_FEATURE:1cxx_nonstatic_member_init
    Feature record: CXX_FEATURE:1cxx_nullptr
    Feature record: CXX_FEATURE:1cxx_override
    Feature record: CXX_FEATURE:1cxx_range_for
    Feature record: CXX_FEATURE:1cxx_raw_string_literals
    Feature record: CXX_FEATURE:1cxx_reference_qualified_functions
    Feature record: CXX_FEATURE:0cxx_relaxed_constexpr
    Feature record: CXX_FEATURE:0cxx_return_type_deduction
    Feature record: CXX_FEATURE:1cxx_right_angle_brackets
    Feature record: CXX_FEATURE:1cxx_rvalue_references
    Feature record: CXX_FEATURE:1cxx_sizeof_member
    Feature record: CXX_FEATURE:1cxx_static_assert
    Feature record: CXX_FEATURE:1cxx_strong_enums
    Feature record: CXX_FEATURE:1cxx_template_template_parameters
    Feature record: CXX_FEATURE:1cxx_thread_local
    Feature record: CXX_FEATURE:1cxx_trailing_return_types
    Feature record: CXX_FEATURE:1cxx_unicode_literals
    Feature record: CXX_FEATURE:1cxx_uniform_initialization
    Feature record: CXX_FEATURE:1cxx_unrestricted_unions
    Feature record: CXX_FEATURE:1cxx_user_literals
    Feature record: CXX_FEATURE:0cxx_variable_templates
    Feature record: CXX_FEATURE:1cxx_variadic_macros
    Feature record: CXX_FEATURE:1cxx_variadic_templates


Detecting CXX [-std=c++98] compiler features compiled with the following output:
Change Dir: /home/jason/lscPythoncode/pre-get_training_data/build/CMakeFiles/CMakeTmp

Run Build Command:"/usr/bin/make" "cmTC_a6d62/fast"
/usr/bin/make -f CMakeFiles/cmTC_a6d62.dir/build.make CMakeFiles/cmTC_a6d62.dir/build
make[1]: 正在进入目录 `/home/jason/lscPythoncode/pre-get_training_data/build/CMakeFiles/CMakeTmp'
Building CXX object CMakeFiles/cmTC_a6d62.dir/feature_tests.cxx.o
/home/jason/anaconda2/bin/c++     -std=c++98 -o CMakeFiles/cmTC_a6d62.dir/feature_tests.cxx.o -c /home/jason/lscPythoncode/pre-get_training_data/build/CMakeFiles/feature_tests.cxx
Linking CXX executable cmTC_a6d62
/usr/bin/cmake -E cmake_link_script CMakeFiles/cmTC_a6d62.dir/link.txt --verbose=1
/home/jason/anaconda2/bin/c++        CMakeFiles/cmTC_a6d62.dir/feature_tests.cxx.o  -o cmTC_a6d62 -rdynamic 
make[1]:正在离开目录 `/home/jason/lscPythoncode/pre-get_training_data/build/CMakeFiles/CMakeTmp'


    Feature record: CXX_FEATURE:0cxx_aggregate_default_initializers
    Feature record: CXX_FEATURE:0cxx_alias_templates
    Feature record: CXX_FEATURE:0cxx_alignas
    Feature record: CXX_FEATURE:0cxx_alignof
    Feature record: CXX_FEATURE:0cxx_attributes
    Feature record: CXX_FEATURE:0cxx_attribute_deprecated
    Feature record: CXX_FEATURE:0cxx_auto_type
    Feature record: CXX_FEATURE:0cxx_binary_literals
    Feature record: CXX_FEATURE:0cxx_constexpr
    Feature record: CXX_FEATURE:0cxx_contextual_conversions
    Feature record: CXX_FEATURE:0cxx_decltype
    Feature record: CXX_FEATURE:0cxx_decltype_auto
    Feature record: CXX_FEATURE:0cxx_decltype_incomplete_return_types
    Feature record: CXX_FEATURE:0cxx_default_function_template_args
    Feature record: CXX_FEATURE:0cxx_defaulted_functions
    Feature record: CXX_FEATURE:0cxx_defaulted_move_initializers
    Feature record: CXX_FEATURE:0cxx_delegating_constructors
    Feature record: CXX_FEATURE:0cxx_deleted_functions
    Feature record: CXX_FEATURE:0cxx_digit_separators
    Feature record: CXX_FEATURE:0cxx_enum_forward_declarations
    Feature record: CXX_FEATURE:0cxx_explicit_conversions
    Feature record: CXX_FEATURE:0cxx_extended_friend_declarations
    Feature record: CXX_FEATURE:0cxx_extern_templates
    Feature record: CXX_FEATURE:0cxx_final
    Feature record: CXX_FEATURE:0cxx_func_identifier
    Feature record: CXX_FEATURE:0cxx_generalized_initializers
    Feature record: CXX_FEATURE:0cxx_generic_lambdas
    Feature record: CXX_FEATURE:0cxx_inheriting_constructors
    Feature record: CXX_FEATURE:0cxx_inline_namespaces
    Feature record: CXX_FEATURE:0cxx_lambdas
    Feature record: CXX_FEATURE:0cxx_lambda_init_captures
    Feature record: CXX_FEATURE:0cxx_local_type_template_args
    Feature record: CXX_FEATURE:0cxx_long_long_type
    Feature record: CXX_FEATURE:0cxx_noexcept
    Feature record: CXX_FEATURE:0cxx_nonstatic_member_init
    Feature record: CXX_FEATURE:0cxx_nullptr
    Feature record: CXX_FEATURE:0cxx_override
    Feature record: CXX_FEATURE:0cxx_range_for
    Feature record: CXX_FEATURE:0cxx_raw_string_literals
    Feature record: CXX_FEATURE:0cxx_reference_qualified_functions
    Feature record: CXX_FEATURE:0cxx_relaxed_constexpr
    Feature record: CXX_FEATURE:0cxx_return_type_deduction
    Feature record: CXX_FEATURE:0cxx_right_angle_brackets
    Feature record: CXX_FEATURE:0cxx_rvalue_references
    Feature record: CXX_FEATURE:0cxx_sizeof_member
    Feature record: CXX_FEATURE:0cxx_static_assert
    Feature record: CXX_FEATURE:0cxx_strong_enums
    Feature record: CXX_FEATURE:1cxx_template_template_parameters
    Feature record: CXX_FEATURE:0cxx_thread_local
    Feature record: CXX_FEATURE:0cxx_trailing_return_types
    Feature record: CXX_FEATURE:0cxx_unicode_literals
    Feature record: CXX_FEATURE:0cxx_uniform_initialization
    Feature record: CXX_FEATURE:0cxx_unrestricted_unions
    Feature record: CXX_FEATURE:0cxx_user_literals
    Feature record: CXX_FEATURE:0cxx_variable_templates
    Feature record: CXX_FEATURE:0cxx_variadic_macros
    Feature record: CXX_FEATURE:0cxx_variadic_templates
Determining if the include file pthread.h exists passed with the following output:
Change Dir: /home/jason/lscPythoncode/pre-get_training_data/build/CMakeFiles/CMakeTmp

Run Build Command:"/usr/bin/make" "cmTC_931c7/fast"
/usr/bin/make -f CMakeFiles/cmTC_931c7.dir/build.make CMakeFiles/cmTC_931c7.dir/build
make[1]: 正在进入目录 `/home/jason/lscPythoncode/pre-get_training_data/build/CMakeFiles/CMakeTmp'
Building C object CMakeFiles/cmTC_931c7.dir/CheckIncludeFile.c.o
/home/jason/anaconda2/bin/cc    -fPIC    -o CMakeFiles/cmTC_931c7.dir/CheckIncludeFile.c.o   -c /home/jason/lscPythoncode/pre-get_training_data/build/CMakeFiles/CMakeTmp/CheckIncludeFile.c
Linking C executable cmTC_931c7
/usr/bin/cmake -E cmake_link_script CMakeFiles/cmTC_931c7.dir/link.txt --verbose=1
/home/jason/anaconda2/bin/cc  -fPIC     CMakeFiles/cmTC_931c7.dir/CheckIncludeFile.c.o  -o cmTC_931c7 -rdynamic 
make[1]:正在离开目录 `/home/jason/lscPythoncode/pre-get_training_data/build/CMakeFiles/CMakeTmp'


Determining if the function pthread_create exists in the pthread passed with the following output:
Change Dir: /home/jason/lscPythoncode/pre-get_training_data/build/CMakeFiles/CMakeTmp

Run Build Command:"/usr/bin/make" "cmTC_636ad/fast"
/usr/bin/make -f CMakeFiles/cmTC_636ad.dir/build.make CMakeFiles/cmTC_636ad.dir/build
make[1]: 正在进入目录 `/home/jason/lscPythoncode/pre-get_training_data/build/CMakeFiles/CMakeTmp'
Building C object CMakeFiles/cmTC_636ad.dir/CheckFunctionExists.c.o
/home/jason/anaconda2/bin/cc    -fPIC -DCHECK_FUNCTION_EXISTS=pthread_create   -o CMakeFiles/cmTC_636ad.dir/CheckFunctionExists.c.o   -c /usr/share/cmake-3.5/Modules/CheckFunctionExists.c
Linking C executable cmTC_636ad
/usr/bin/cmake -E cmake_link_script CMakeFiles/cmTC_636ad.dir/link.txt --verbose=1
/home/jason/anaconda2/bin/cc  -fPIC -DCHECK_FUNCTION_EXISTS=pthread_create    CMakeFiles/cmTC_636ad.dir/CheckFunctionExists.c.o  -o cmTC_636ad -rdynamic -lpthread 
make[1]:正在离开目录 `/home/jason/lscPythoncode/pre-get_training_data/build/CMakeFiles/CMakeTmp'


