Determining if the pthread_create exist failed with the following output:
Change Dir: /home/jason/lscPythoncode/pre-get_training_data/build/CMakeFiles/CMakeTmp

Run Build Command:"/usr/bin/make" "cmTC_490db/fast"
/usr/bin/make -f CMakeFiles/cmTC_490db.dir/build.make CMakeFiles/cmTC_490db.dir/build
make[1]: 正在进入目录 `/home/jason/lscPythoncode/pre-get_training_data/build/CMakeFiles/CMakeTmp'
Building C object CMakeFiles/cmTC_490db.dir/CheckSymbolExists.c.o
/home/jason/anaconda2/bin/cc    -fPIC    -o CMakeFiles/cmTC_490db.dir/CheckSymbolExists.c.o   -c /home/jason/lscPythoncode/pre-get_training_data/build/CMakeFiles/CMakeTmp/CheckSymbolExists.c
Linking C executable cmTC_490db
/usr/bin/cmake -E cmake_link_script CMakeFiles/cmTC_490db.dir/link.txt --verbose=1
/home/jason/anaconda2/bin/cc  -fPIC     CMakeFiles/cmTC_490db.dir/CheckSymbolExists.c.o  -o cmTC_490db -rdynamic 
CMakeFiles/cmTC_490db.dir/CheckSymbolExists.c.o：在函数‘main’中：
CheckSymbolExists.c:(.text+0x1b)：对‘pthread_create’未定义的引用
collect2: error: ld returned 1 exit status
make[1]: *** [cmTC_490db] 错误 1
make[1]:正在离开目录 `/home/jason/lscPythoncode/pre-get_training_data/build/CMakeFiles/CMakeTmp'
make: *** [cmTC_490db/fast] 错误 2

File /home/jason/lscPythoncode/pre-get_training_data/build/CMakeFiles/CMakeTmp/CheckSymbolExists.c:
/* */
#include <pthread.h>

int main(int argc, char** argv)
{
  (void)argv;
#ifndef pthread_create
  return ((int*)(&pthread_create))[argc];
#else
  (void)argc;
  return 0;
#endif
}

Determining if the function pthread_create exists in the pthreads failed with the following output:
Change Dir: /home/jason/lscPythoncode/pre-get_training_data/build/CMakeFiles/CMakeTmp

Run Build Command:"/usr/bin/make" "cmTC_e7e8f/fast"
/usr/bin/make -f CMakeFiles/cmTC_e7e8f.dir/build.make CMakeFiles/cmTC_e7e8f.dir/build
make[1]: 正在进入目录 `/home/jason/lscPythoncode/pre-get_training_data/build/CMakeFiles/CMakeTmp'
Building C object CMakeFiles/cmTC_e7e8f.dir/CheckFunctionExists.c.o
/home/jason/anaconda2/bin/cc    -fPIC -DCHECK_FUNCTION_EXISTS=pthread_create   -o CMakeFiles/cmTC_e7e8f.dir/CheckFunctionExists.c.o   -c /usr/share/cmake-3.5/Modules/CheckFunctionExists.c
Linking C executable cmTC_e7e8f
/usr/bin/cmake -E cmake_link_script CMakeFiles/cmTC_e7e8f.dir/link.txt --verbose=1
/home/jason/anaconda2/bin/cc  -fPIC -DCHECK_FUNCTION_EXISTS=pthread_create    CMakeFiles/cmTC_e7e8f.dir/CheckFunctionExists.c.o  -o cmTC_e7e8f -rdynamic -lpthreads 
/usr/bin/ld: 找不到 -lpthreads
collect2: error: ld returned 1 exit status
make[1]: *** [cmTC_e7e8f] 错误 1
make[1]:正在离开目录 `/home/jason/lscPythoncode/pre-get_training_data/build/CMakeFiles/CMakeTmp'
make: *** [cmTC_e7e8f/fast] 错误 2


